<?xml version="1.0" encoding="UTF-8"?>
<testng-results ignored="0" total="1" passed="1" failed="0" skipped="0">
  <reporter-output>
  </reporter-output>
  <suite started-at="2024-06-13T23:14:23 IST" name="Default suite" finished-at="2024-06-13T23:14:23 IST" duration-ms="89">
    <groups>
    </groups>
    <test started-at="2024-06-13T23:14:23 IST" name="Default test" finished-at="2024-06-13T23:14:23 IST" duration-ms="89">
      <class name="com.trello.admin.Test1">
        <test-method signature="f()[pri:0, instance:com.trello.admin.Test1@5fd4f8f5]" started-at="2024-06-13T23:14:23 IST" name="f" finished-at="2024-06-13T23:14:23 IST" duration-ms="19" status="PASS">
          <reporter-output>
          </reporter-output>
        </test-method> <!-- f -->
      </class> <!-- com.trello.admin.Test1 -->
    </test> <!-- Default test -->
  </suite> <!-- Default suite -->
</testng-results>
